<?xml version="1.0" encoding="UTF-8"?>
<!-- Generated by org.testng.reporters.JUnitReportReporter -->
<testsuite hostname="DESKTOP-20BIKE2" failures="0" tests="2" name="com.amazon_in_Test.Search_Product_Test" time="100.728" errors="0" timestamp="2025-04-17T22:08:27 IST" skipped="0">
  <testcase classname="com.amazon_in_Test.Search_Product_Test" name="testScrollAndClickProduct" time="74.414"/>
  <system-out/>
  <testcase classname="com.amazon_in_Test.Search_Product_Test" name="testScrollAndClickProduct" time="26.314"/>
  <system-out/>
</testsuite> <!-- com.amazon_in_Test.Search_Product_Test -->
