<?xml version="1.0" encoding="UTF-8"?>
<!-- Generated by org.testng.reporters.JUnitReportReporter -->
<testsuite hostname="DESKTOP-20BIKE2" failures="0" tests="2" name="com.amazon_in_Test.Product_AddedCart_price_Qty_Test" time="71.965" errors="0" timestamp="2025-04-17T22:08:28 IST" skipped="0">
  <testcase classname="com.amazon_in_Test.Product_AddedCart_price_Qty_Test" name="AddProductInCartAndSelectQty" time="45.969"/>
  <system-out/>
  <testcase classname="com.amazon_in_Test.Product_AddedCart_price_Qty_Test" name="AddProductInCartAndSelectQty" time="25.996"/>
  <system-out/>
</testsuite> <!-- com.amazon_in_Test.Product_AddedCart_price_Qty_Test -->
