<?xml version="1.0" encoding="UTF-8"?>
<!-- Generated by org.testng.reporters.JUnitReportReporter -->
<testsuite hostname="DESKTOP-20BIKE2" failures="0" tests="4" name="com.amazon_in_Test.SearchCategorysTest" time="108.534" errors="0" timestamp="2025-04-17T22:08:27 IST" skipped="0">
  <testcase classname="com.amazon_in_Test.SearchCategorysTest" name="testGetAllCategories" time="26.606"/>
  <system-out/>
  <testcase classname="com.amazon_in_Test.SearchCategorysTest" name="getAllCategories" time="30.171"/>
  <system-out/>
  <testcase classname="com.amazon_in_Test.SearchCategorysTest" name="testGetAllCategories" time="20.194"/>
  <system-out/>
  <testcase classname="com.amazon_in_Test.SearchCategorysTest" name="getAllCategories" time="31.563"/>
  <system-out/>
</testsuite> <!-- com.amazon_in_Test.SearchCategorysTest -->
