<?xml version="1.0" encoding="UTF-8"?>
<!-- Generated by org.testng.reporters.JUnitReportReporter -->
<testsuite hostname="DESKTOP-20BIKE2" failures="0" tests="3" name="com.amazon_in_Test.TestNgEnable" time="0.048" errors="0" timestamp="2025-04-14T14:53:39 IST" skipped="0">
  <testcase classname="com.amazon_in_Test.TestNgEnable" name="Logout" time="0.013"/>
  <system-out>
    <![CDATA[Logout]]>
  </system-out>
  <testcase classname="com.amazon_in_Test.TestNgEnable" name="Login" time="0.030"/>
  <system-out>
    <![CDATA[Login sucess]]>
  </system-out>
  <testcase classname="com.amazon_in_Test.TestNgEnable" name="VerifyPin" time="0.005"/>
  <system-out>
    <![CDATA[Pin Verified]]>
  </system-out>
</testsuite> <!-- com.amazon_in_Test.TestNgEnable -->
